[0121/192936.455:ERROR:directory_reader_win.cc(43)] FindFirstFile: O sistema não pode encontrar o caminho especificado. (0x3)
[0121/193217.781:ERROR:process_memory_win.cc(73)] ReadMemory at 0x226fbfae4e0 of 72 bytes failed: Somente uma parte de um pedido ReadProcessMemory ou WriteProcessMemory foi concluída. (0x12B)
[0121/193217.782:WARNING:pe_image_annotations_reader.cc(135)] could not read annotations list object in C:\Program Files\Google\Chrome\Application\87.0.4280.141\chrome_elf.dll
[0121/193217.782:ERROR:process_memory_win.cc(73)] ReadMemory at 0x7ffd47c80000 of 64 bytes failed: Somente uma parte de um pedido ReadProcessMemory ou WriteProcessMemory foi concluída. (0x12B)
[0121/193217.782:WARNING:pe_image_reader.cc(340)] could not read dos header from C:\Program Files\Google\Chrome\Application\87.0.4280.141\chrome.dll
[0121/193217.784:ERROR:process_memory_win.cc(73)] ReadMemory at 0x226816c0000 of 64 bytes failed: Somente uma parte de um pedido ReadProcessMemory ou WriteProcessMemory foi concluída. (0x12B)
[0121/193217.784:WARNING:pe_image_reader.cc(340)] could not read dos header from C:\Windows\System32\shlwapi.dll
[0121/193217.784:ERROR:process_memory_win.cc(73)] ReadMemory at 0x7ff7dbf10000 of 64 bytes failed: Somente uma parte de um pedido ReadProcessMemory ou WriteProcessMemory foi concluída. (0x12B)
[0121/193217.784:WARNING:pe_image_reader.cc(340)] could not read dos header from C:\Program Files\Google\Chrome\Application\chrome.exe
[0121/193217.784:ERROR:process_memory_win.cc(73)] ReadMemory at 0x226fbfae4e0 of 72 bytes failed: Somente uma parte de um pedido ReadProcessMemory ou WriteProcessMemory foi concluída. (0x12B)
[0121/193217.784:WARNING:pe_image_annotations_reader.cc(135)] could not read annotations list object in C:\Program Files\Google\Chrome\Application\87.0.4280.141\chrome_elf.dll
[0121/193217.784:ERROR:process_memory_win.cc(73)] ReadMemory at 0x7ffd47c80000 of 64 bytes failed: Somente uma parte de um pedido ReadProcessMemory ou WriteProcessMemory foi concluída. (0x12B)
[0121/193217.784:WARNING:pe_image_reader.cc(340)] could not read dos header from C:\Program Files\Google\Chrome\Application\87.0.4280.141\chrome.dll
[0121/193217.785:ERROR:process_memory_win.cc(73)] ReadMemory at 0x226816c0000 of 64 bytes failed: Somente uma parte de um pedido ReadProcessMemory ou WriteProcessMemory foi concluída. (0x12B)
[0121/193217.785:WARNING:pe_image_reader.cc(340)] could not read dos header from C:\Windows\System32\shlwapi.dll
[0121/193217.802:ERROR:process_memory_win.cc(73)] ReadMemory at 0xc6d9fe4000 of 114688 bytes failed: Somente uma parte de um pedido ReadProcessMemory ou WriteProcessMemory foi concluída. (0x12B)
[0121/193217.806:ERROR:process_memory_win.cc(73)] ReadMemory at 0xc6da7fe000 of 8192 bytes failed: Somente uma parte de um pedido ReadProcessMemory ou WriteProcessMemory foi concluída. (0x12B)
[0121/193217.807:ERROR:process_memory_win.cc(73)] ReadMemory at 0xc6db7fe000 of 8192 bytes failed: Somente uma parte de um pedido ReadProcessMemory ou WriteProcessMemory foi concluída. (0x12B)
[0121/193217.808:ERROR:process_memory_win.cc(73)] ReadMemory at 0xc6dbffd000 of 12288 bytes failed: Somente uma parte de um pedido ReadProcessMemory ou WriteProcessMemory foi concluída. (0x12B)
[0121/193217.808:ERROR:process_memory_win.cc(73)] ReadMemory at 0xc6dcffe000 of 8192 bytes failed: Somente uma parte de um pedido ReadProcessMemory ou WriteProcessMemory foi concluída. (0x12B)
[0121/193217.808:ERROR:process_memory_win.cc(73)] ReadMemory at 0xc6dd7fe000 of 8192 bytes failed: Somente uma parte de um pedido ReadProcessMemory ou WriteProcessMemory foi concluída. (0x12B)
[0121/193217.809:ERROR:process_memory_win.cc(73)] ReadMemory at 0xc6ddffc000 of 16384 bytes failed: Somente uma parte de um pedido ReadProcessMemory ou WriteProcessMemory foi concluída. (0x12B)
[0121/193217.809:ERROR:process_memory_win.cc(73)] ReadMemory at 0xc6deffd000 of 12288 bytes failed: Somente uma parte de um pedido ReadProcessMemory ou WriteProcessMemory foi concluída. (0x12B)
[0121/193217.809:ERROR:process_memory_win.cc(73)] ReadMemory at 0xc6df7fe000 of 8192 bytes failed: Somente uma parte de um pedido ReadProcessMemory ou WriteProcessMemory foi concluída. (0x12B)
[0121/193217.810:ERROR:process_memory_win.cc(73)] ReadMemory at 0xc6dfffc000 of 16384 bytes failed: Somente uma parte de um pedido ReadProcessMemory ou WriteProcessMemory foi concluída. (0x12B)
[0121/193217.810:ERROR:process_memory_win.cc(73)] ReadMemory at 0xc6e07fe000 of 8192 bytes failed: Somente uma parte de um pedido ReadProcessMemory ou WriteProcessMemory foi concluída. (0x12B)
[0121/193217.810:ERROR:process_memory_win.cc(73)] ReadMemory at 0xc6e0ffd000 of 12288 bytes failed: Somente uma parte de um pedido ReadProcessMemory ou WriteProcessMemory foi concluída. (0x12B)
[0121/193217.811:ERROR:process_memory_win.cc(73)] ReadMemory at 0xc6daffe000 of 8192 bytes failed: Somente uma parte de um pedido ReadProcessMemory ou WriteProcessMemory foi concluída. (0x12B)
[0121/193217.811:ERROR:process_memory_win.cc(73)] ReadMemory at 0xc6dc7fe000 of 8192 bytes failed: Somente uma parte de um pedido ReadProcessMemory ou WriteProcessMemory foi concluída. (0x12B)
[0121/193217.811:ERROR:process_memory_win.cc(73)] ReadMemory at 0xc6d9707000 of 852 bytes failed: Somente uma parte de um pedido ReadProcessMemory ou WriteProcessMemory foi concluída. (0x12B)
[0121/193217.811:ERROR:process_memory_win.cc(73)] ReadMemory at 0xc6d9708000 of 6024 bytes failed: Somente uma parte de um pedido ReadProcessMemory ou WriteProcessMemory foi concluída. (0x12B)
[0121/193217.811:ERROR:process_memory_win.cc(73)] ReadMemory at 0xc6d970a000 of 6024 bytes failed: Somente uma parte de um pedido ReadProcessMemory ou WriteProcessMemory foi concluída. (0x12B)
[0121/193217.811:ERROR:process_memory_win.cc(73)] ReadMemory at 0xc6d970e000 of 6024 bytes failed: Somente uma parte de um pedido ReadProcessMemory ou WriteProcessMemory foi concluída. (0x12B)
[0121/193217.812:ERROR:process_memory_win.cc(73)] ReadMemory at 0xc6d9710000 of 6024 bytes failed: Somente uma parte de um pedido ReadProcessMemory ou WriteProcessMemory foi concluída. (0x12B)
[0121/193217.812:ERROR:process_memory_win.cc(73)] ReadMemory at 0xc6d9714000 of 6024 bytes failed: Somente uma parte de um pedido ReadProcessMemory ou WriteProcessMemory foi concluída. (0x12B)
[0121/193217.812:ERROR:process_memory_win.cc(73)] ReadMemory at 0xc6d9716000 of 6024 bytes failed: Somente uma parte de um pedido ReadProcessMemory ou WriteProcessMemory foi concluída. (0x12B)
[0121/193217.812:ERROR:process_memory_win.cc(73)] ReadMemory at 0xc6d9718000 of 6024 bytes failed: Somente uma parte de um pedido ReadProcessMemory ou WriteProcessMemory foi concluída. (0x12B)
[0121/193217.812:ERROR:process_memory_win.cc(73)] ReadMemory at 0xc6d971c000 of 6024 bytes failed: Somente uma parte de um pedido ReadProcessMemory ou WriteProcessMemory foi concluída. (0x12B)
[0121/193217.812:ERROR:process_memory_win.cc(73)] ReadMemory at 0xc6d971e000 of 6024 bytes failed: Somente uma parte de um pedido ReadProcessMemory ou WriteProcessMemory foi concluída. (0x12B)
[0121/193217.812:ERROR:process_memory_win.cc(73)] ReadMemory at 0xc6d9720000 of 6024 bytes failed: Somente uma parte de um pedido ReadProcessMemory ou WriteProcessMemory foi concluída. (0x12B)
[0121/193217.813:ERROR:process_memory_win.cc(73)] ReadMemory at 0xc6d9722000 of 6024 bytes failed: Somente uma parte de um pedido ReadProcessMemory ou WriteProcessMemory foi concluída. (0x12B)
[0121/193217.813:ERROR:process_memory_win.cc(73)] ReadMemory at 0xc6d9724000 of 6024 bytes failed: Somente uma parte de um pedido ReadProcessMemory ou WriteProcessMemory foi concluída. (0x12B)
[0121/193217.813:ERROR:process_memory_win.cc(73)] ReadMemory at 0xc6d9726000 of 6024 bytes failed: Somente uma parte de um pedido ReadProcessMemory ou WriteProcessMemory foi concluída. (0x12B)
[0121/193217.814:ERROR:process_memory_win.cc(73)] ReadMemory at 0xc6d9730000 of 6024 bytes failed: Somente uma parte de um pedido ReadProcessMemory ou WriteProcessMemory foi concluída. (0x12B)
[0121/193217.814:ERROR:process_memory_win.cc(73)] ReadMemory at 0x226818403a0 of 512 bytes failed: Somente uma parte de um pedido ReadProcessMemory ou WriteProcessMemory foi concluída. (0x12B)
[0121/193217.814:ERROR:process_memory_win.cc(73)] ReadMemory at 0x22681888910 of 512 bytes failed: Somente uma parte de um pedido ReadProcessMemory ou WriteProcessMemory foi concluída. (0x12B)
[0121/193217.814:ERROR:process_memory_win.cc(73)] ReadMemory at 0x226818f1a20 of 512 bytes failed: Somente uma parte de um pedido ReadProcessMemory ou WriteProcessMemory foi concluída. (0x12B)
[0121/193217.814:ERROR:process_memory_win.cc(73)] ReadMemory at 0x226818f26d0 of 512 bytes failed: Somente uma parte de um pedido ReadProcessMemory ou WriteProcessMemory foi concluída. (0x12B)
[0121/193217.815:ERROR:process_memory_win.cc(73)] ReadMemory at 0x22681ba79d8 of 512 bytes failed: Somente uma parte de um pedido ReadProcessMemory ou WriteProcessMemory foi concluída. (0x12B)
[0121/193217.815:ERROR:process_memory_win.cc(73)] ReadMemory at 0x22681c11ed0 of 512 bytes failed: Somente uma parte de um pedido ReadProcessMemory ou WriteProcessMemory foi concluída. (0x12B)
[0121/193217.815:ERROR:process_memory_win.cc(73)] ReadMemory at 0x22681d1ca00 of 512 bytes failed: Somente uma parte de um pedido ReadProcessMemory ou WriteProcessMemory foi concluída. (0x12B)
[0121/193217.815:ERROR:process_memory_win.cc(73)] ReadMemory at 0x22681d2c128 of 512 bytes failed: Somente uma parte de um pedido ReadProcessMemory ou WriteProcessMemory foi concluída. (0x12B)
[0121/193217.815:ERROR:process_memory_win.cc(73)] ReadMemory at 0x226821eb760 of 512 bytes failed: Somente uma parte de um pedido ReadProcessMemory ou WriteProcessMemory foi concluída. (0x12B)
[0121/193217.815:ERROR:process_memory_win.cc(73)] ReadMemory at 0x2268227b4b0 of 512 bytes failed: Somente uma parte de um pedido ReadProcessMemory ou WriteProcessMemory foi concluída. (0x12B)
[0121/193217.816:ERROR:process_memory_win.cc(73)] ReadMemory at 0x226fbf60c40 of 512 bytes failed: Somente uma parte de um pedido ReadProcessMemory ou WriteProcessMemory foi concluída. (0x12B)
[0121/193217.816:ERROR:process_memory_win.cc(73)] ReadMemory at 0x226fbfa0fe0 of 5768 bytes failed: Somente uma parte de um pedido ReadProcessMemory ou WriteProcessMemory foi concluída. (0x12B)
[0121/193217.816:ERROR:process_memory_win.cc(73)] ReadMemory at 0x226fbfa2670 of 1012 bytes failed: Somente uma parte de um pedido ReadProcessMemory ou WriteProcessMemory foi concluída. (0x12B)
[0121/193217.816:ERROR:process_memory_win.cc(73)] ReadMemory at 0x226fbfa2cb8 of 106 bytes failed: Somente uma parte de um pedido ReadProcessMemory ou WriteProcessMemory foi concluída. (0x12B)
[0121/193217.816:ERROR:process_memory_win.cc(73)] ReadMemory at 0x226fbfa2d24 of 1210 bytes failed: Somente uma parte de um pedido ReadProcessMemory ou WriteProcessMemory foi concluída. (0x12B)
[0121/193217.817:ERROR:process_memory_win.cc(73)] ReadMemory at 0x226fbfa31e0 of 106 bytes failed: Somente uma parte de um pedido ReadProcessMemory ou WriteProcessMemory foi concluída. (0x12B)
[0121/193217.819:ERROR:process_memory_win.cc(73)] ReadMemory at 0x226fbfa324c of 96 bytes failed: Somente uma parte de um pedido ReadProcessMemory ou WriteProcessMemory foi concluída. (0x12B)
[0121/193217.819:ERROR:process_memory_win.cc(73)] ReadMemory at 0x226fbfa32c0 of 58 bytes failed: Somente uma parte de um pedido ReadProcessMemory ou WriteProcessMemory foi concluída. (0x12B)
[0121/193217.819:ERROR:process_memory_win.cc(73)] ReadMemory at 0x226fbfa33c0 of 132 bytes failed: Somente uma parte de um pedido ReadProcessMemory ou WriteProcessMemory foi concluída. (0x12B)
[0121/193217.819:ERROR:process_memory_win.cc(73)] ReadMemory at 0x226fbfa3550 of 132 bytes failed: Somente uma parte de um pedido ReadProcessMemory ou WriteProcessMemory foi concluída. (0x12B)
[0121/193217.819:ERROR:process_memory_win.cc(73)] ReadMemory at 0x226fbfa3710 of 114 bytes failed: Somente uma parte de um pedido ReadProcessMemory ou WriteProcessMemory foi concluída. (0x12B)
[0121/193217.820:ERROR:process_memory_win.cc(73)] ReadMemory at 0x226fbfa3c10 of 132 bytes failed: Somente uma parte de um pedido ReadProcessMemory ou WriteProcessMemory foi concluída. (0x12B)
[0121/193217.820:ERROR:process_memory_win.cc(73)] ReadMemory at 0x226fbfa3da0 of 64 bytes failed: Somente uma parte de um pedido ReadProcessMemory ou WriteProcessMemory foi concluída. (0x12B)
[0121/193217.820:ERROR:process_memory_win.cc(73)] ReadMemory at 0x226fbfa3f50 of 132 bytes failed: Somente uma parte de um pedido ReadProcessMemory ou WriteProcessMemory foi concluída. (0x12B)
[0121/193217.820:ERROR:process_memory_win.cc(73)] ReadMemory at 0x226fbfa4220 of 132 bytes failed: Somente uma parte de um pedido ReadProcessMemory ou WriteProcessMemory foi concluída. (0x12B)
[0121/193217.820:ERROR:process_memory_win.cc(73)] ReadMemory at 0x226fbfa43b0 of 68 bytes failed: Somente uma parte de um pedido ReadProcessMemory ou WriteProcessMemory foi concluída. (0x12B)
[0121/193217.820:ERROR:process_memory_win.cc(73)] ReadMemory at 0x226fbfa5560 of 132 bytes failed: Somente uma parte de um pedido ReadProcessMemory ou WriteProcessMemory foi concluída. (0x12B)
[0121/193217.820:ERROR:process_memory_win.cc(73)] ReadMemory at 0x226fbfa5690 of 142 bytes failed: Somente uma parte de um pedido ReadProcessMemory ou WriteProcessMemory foi concluída. (0x12B)
[0121/193217.820:ERROR:process_memory_win.cc(73)] ReadMemory at 0x226fbfa5d70 of 62 bytes failed: Somente uma parte de um pedido ReadProcessMemory ou WriteProcessMemory foi concluída. (0x12B)
[0121/193217.820:ERROR:process_memory_win.cc(73)] ReadMemory at 0x226fbfa6500 of 132 bytes failed: Somente uma parte de um pedido ReadProcessMemory ou WriteProcessMemory foi concluída. (0x12B)
[0121/193217.821:ERROR:process_memory_win.cc(73)] ReadMemory at 0x226fbfa6690 of 60 bytes failed: Somente uma parte de um pedido ReadProcessMemory ou WriteProcessMemory foi concluída. (0x12B)
[0121/193217.821:ERROR:process_memory_win.cc(73)] ReadMemory at 0x226fbfb4e20 of 132 bytes failed: Somente uma parte de um pedido ReadProcessMemory ou WriteProcessMemory foi concluída. (0x12B)
[0121/193217.821:ERROR:process_memory_win.cc(73)] ReadMemory at 0x226fbfb50b0 of 132 bytes failed: Somente uma parte de um pedido ReadProcessMemory ou WriteProcessMemory foi concluída. (0x12B)
[0121/193217.821:ERROR:process_memory_win.cc(73)] ReadMemory at 0x226fbfb51e0 of 132 bytes failed: Somente uma parte de um pedido ReadProcessMemory ou WriteProcessMemory foi concluída. (0x12B)
[0121/193217.821:ERROR:process_memory_win.cc(73)] ReadMemory at 0x226fbfb5310 of 132 bytes failed: Somente uma parte de um pedido ReadProcessMemory ou WriteProcessMemory foi concluída. (0x12B)
[0121/193217.821:ERROR:process_memory_win.cc(73)] ReadMemory at 0x226fbfb5440 of 132 bytes failed: Somente uma parte de um pedido ReadProcessMemory ou WriteProcessMemory foi concluída. (0x12B)
[0121/193217.821:ERROR:process_memory_win.cc(73)] ReadMemory at 0x226fbfb5570 of 132 bytes failed: Somente uma parte de um pedido ReadProcessMemory ou WriteProcessMemory foi concluída. (0x12B)
[0121/193217.821:ERROR:process_memory_win.cc(73)] ReadMemory at 0x226fbfb56a0 of 132 bytes failed: Somente uma parte de um pedido ReadProcessMemory ou WriteProcessMemory foi concluída. (0x12B)
[0121/193217.821:ERROR:process_memory_win.cc(73)] ReadMemory at 0x226fbfb57d0 of 132 bytes failed: Somente uma parte de um pedido ReadProcessMemory ou WriteProcessMemory foi concluída. (0x12B)
[0121/193217.822:ERROR:process_memory_win.cc(73)] ReadMemory at 0x226fbfb5900 of 132 bytes failed: Somente uma parte de um pedido ReadProcessMemory ou WriteProcessMemory foi concluída. (0x12B)
[0121/193217.822:ERROR:process_memory_win.cc(73)] ReadMemory at 0x226fbfb5a30 of 132 bytes failed: Somente uma parte de um pedido ReadProcessMemory ou WriteProcessMemory foi concluída. (0x12B)
[0121/193217.822:ERROR:process_memory_win.cc(73)] ReadMemory at 0x226fbfb5b60 of 132 bytes failed: Somente uma parte de um pedido ReadProcessMemory ou WriteProcessMemory foi concluída. (0x12B)
[0121/193217.822:ERROR:process_memory_win.cc(73)] ReadMemory at 0x226fbfb5c90 of 132 bytes failed: Somente uma parte de um pedido ReadProcessMemory ou WriteProcessMemory foi concluída. (0x12B)
[0121/193217.822:ERROR:process_memory_win.cc(73)] ReadMemory at 0x226fbfb5dc0 of 132 bytes failed: Somente uma parte de um pedido ReadProcessMemory ou WriteProcessMemory foi concluída. (0x12B)
[0121/193217.823:ERROR:process_memory_win.cc(73)] ReadMemory at 0x226fbfb5ef0 of 132 bytes failed: Somente uma parte de um pedido ReadProcessMemory ou WriteProcessMemory foi concluída. (0x12B)
[0121/193217.823:ERROR:process_memory_win.cc(73)] ReadMemory at 0x226fbfb6900 of 78 bytes failed: Somente uma parte de um pedido ReadProcessMemory ou WriteProcessMemory foi concluída. (0x12B)
[0121/193217.823:ERROR:process_memory_win.cc(73)] ReadMemory at 0x226fbfb7460 of 66 bytes failed: Somente uma parte de um pedido ReadProcessMemory ou WriteProcessMemory foi concluída. (0x12B)
[0121/193217.823:ERROR:process_memory_win.cc(73)] ReadMemory at 0x226fbfb74b0 of 64 bytes failed: Somente uma parte de um pedido ReadProcessMemory ou WriteProcessMemory foi concluída. (0x12B)
[0121/193217.823:ERROR:process_memory_win.cc(73)] ReadMemory at 0x226fbfb7730 of 62 bytes failed: Somente uma parte de um pedido ReadProcessMemory ou WriteProcessMemory foi concluída. (0x12B)
[0121/193217.823:ERROR:process_memory_win.cc(73)] ReadMemory at 0x226fbfb7820 of 60 bytes failed: Somente uma parte de um pedido ReadProcessMemory ou WriteProcessMemory foi concluída. (0x12B)
[0121/193217.828:ERROR:process_memory_win.cc(73)] ReadMemory at 0x226fbfb7910 of 62 bytes failed: Somente uma parte de um pedido ReadProcessMemory ou WriteProcessMemory foi concluída. (0x12B)
[0121/193217.828:ERROR:process_memory_win.cc(73)] ReadMemory at 0x226fbfb7960 of 62 bytes failed: Somente uma parte de um pedido ReadProcessMemory ou WriteProcessMemory foi concluída. (0x12B)
[0121/193217.828:ERROR:process_memory_win.cc(73)] ReadMemory at 0x226fbfb79b0 of 58 bytes failed: Somente uma parte de um pedido ReadProcessMemory ou WriteProcessMemory foi concluída. (0x12B)
[0121/193217.829:ERROR:process_memory_win.cc(73)] ReadMemory at 0x226fbfb7a00 of 64 bytes failed: Somente uma parte de um pedido ReadProcessMemory ou WriteProcessMemory foi concluída. (0x12B)
[0121/193217.829:ERROR:process_memory_win.cc(73)] ReadMemory at 0x226fbfb7a50 of 62 bytes failed: Somente uma parte de um pedido ReadProcessMemory ou WriteProcessMemory foi concluída. (0x12B)
[0121/193217.829:ERROR:process_memory_win.cc(73)] ReadMemory at 0x226fbfb7b40 of 62 bytes failed: Somente uma parte de um pedido ReadProcessMemory ou WriteProcessMemory foi concluída. (0x12B)
[0121/193217.829:ERROR:process_memory_win.cc(73)] ReadMemory at 0x226fbfb7cd0 of 64 bytes failed: Somente uma parte de um pedido ReadProcessMemory ou WriteProcessMemory foi concluída. (0x12B)
[0121/193217.829:ERROR:process_memory_win.cc(73)] ReadMemory at 0x226fbfb7d20 of 62 bytes failed: Somente uma parte de um pedido ReadProcessMemory ou WriteProcessMemory foi concluída. (0x12B)
[0121/193217.829:ERROR:process_memory_win.cc(73)] ReadMemory at 0x226fbfb7d70 of 62 bytes failed: Somente uma parte de um pedido ReadProcessMemory ou WriteProcessMemory foi concluída. (0x12B)
[0121/193217.829:ERROR:process_memory_win.cc(73)] ReadMemory at 0x226fbfb7e60 of 60 bytes failed: Somente uma parte de um pedido ReadProcessMemory ou WriteProcessMemory foi concluída. (0x12B)
[0121/193217.830:ERROR:process_memory_win.cc(73)] ReadMemory at 0x226fbfb7f00 of 64 bytes failed: Somente uma parte de um pedido ReadProcessMemory ou WriteProcessMemory foi concluída. (0x12B)
[0121/193217.830:ERROR:process_memory_win.cc(73)] ReadMemory at 0x226fbfb7f50 of 64 bytes failed: Somente uma parte de um pedido ReadProcessMemory ou WriteProcessMemory foi concluída. (0x12B)
[0121/193217.830:ERROR:process_memory_win.cc(73)] ReadMemory at 0x226fbfb7ff0 of 60 bytes failed: Somente uma parte de um pedido ReadProcessMemory ou WriteProcessMemory foi concluída. (0x12B)
[0121/193217.830:ERROR:process_memory_win.cc(73)] ReadMemory at 0x226fbfb8090 of 62 bytes failed: Somente uma parte de um pedido ReadProcessMemory ou WriteProcessMemory foi concluída. (0x12B)
[0121/193217.831:ERROR:process_memory_win.cc(73)] ReadMemory at 0x226fbfb8130 of 64 bytes failed: Somente uma parte de um pedido ReadProcessMemory ou WriteProcessMemory foi concluída. (0x12B)
[0121/193217.831:ERROR:process_memory_win.cc(73)] ReadMemory at 0x226fbfb82c0 of 62 bytes failed: Somente uma parte de um pedido ReadProcessMemory ou WriteProcessMemory foi concluída. (0x12B)
[0121/193217.831:ERROR:process_memory_win.cc(73)] ReadMemory at 0x226fbfb8360 of 64 bytes failed: Somente uma parte de um pedido ReadProcessMemory ou WriteProcessMemory foi concluída. (0x12B)
[0121/193217.831:ERROR:process_memory_win.cc(73)] ReadMemory at 0x226fbfb8cf0 of 132 bytes failed: Somente uma parte de um pedido ReadProcessMemory ou WriteProcessMemory foi concluída. (0x12B)
[0121/193217.831:ERROR:process_memory_win.cc(73)] ReadMemory at 0x226fbfb8e20 of 134 bytes failed: Somente uma parte de um pedido ReadProcessMemory ou WriteProcessMemory foi concluída. (0x12B)
[0121/193217.832:ERROR:process_memory_win.cc(73)] ReadMemory at 0x226fbfb8ed0 of 132 bytes failed: Somente uma parte de um pedido ReadProcessMemory ou WriteProcessMemory foi concluída. (0x12B)
[0121/193217.849:ERROR:process_memory_win.cc(73)] ReadMemory at 0x226fbfb93a0 of 132 bytes failed: Somente uma parte de um pedido ReadProcessMemory ou WriteProcessMemory foi concluída. (0x12B)
[0121/193217.849:ERROR:process_memory_win.cc(73)] ReadMemory at 0x226fbfc11b0 of 132 bytes failed: Somente uma parte de um pedido ReadProcessMemory ou WriteProcessMemory foi concluída. (0x12B)
[0121/193217.849:ERROR:process_memory_win.cc(73)] ReadMemory at 0x226fbfc12e0 of 132 bytes failed: Somente uma parte de um pedido ReadProcessMemory ou WriteProcessMemory foi concluída. (0x12B)
[0121/193217.849:ERROR:process_memory_win.cc(73)] ReadMemory at 0x226fbfc1500 of 132 bytes failed: Somente uma parte de um pedido ReadProcessMemory ou WriteProcessMemory foi concluída. (0x12B)
[0121/193217.850:ERROR:process_memory_win.cc(73)] ReadMemory at 0x226fbfc1720 of 132 bytes failed: Somente uma parte de um pedido ReadProcessMemory ou WriteProcessMemory foi concluída. (0x12B)
[0121/193217.850:ERROR:process_memory_win.cc(73)] ReadMemory at 0x226fbfc1a70 of 132 bytes failed: Somente uma parte de um pedido ReadProcessMemory ou WriteProcessMemory foi concluída. (0x12B)
[0121/193217.850:ERROR:process_memory_win.cc(73)] ReadMemory at 0x226fbfc2730 of 80 bytes failed: Somente uma parte de um pedido ReadProcessMemory ou WriteProcessMemory foi concluída. (0x12B)
[0121/193217.850:ERROR:process_memory_win.cc(73)] ReadMemory at 0x226fbfc2bb0 of 80 bytes failed: Somente uma parte de um pedido ReadProcessMemory ou WriteProcessMemory foi concluída. (0x12B)
[0121/193217.851:ERROR:process_memory_win.cc(73)] ReadMemory at 0x226fbfc3830 of 132 bytes failed: Somente uma parte de um pedido ReadProcessMemory ou WriteProcessMemory foi concluída. (0x12B)
[0121/193217.851:ERROR:process_memory_win.cc(73)] ReadMemory at 0x226fbfc3a90 of 132 bytes failed: Somente uma parte de um pedido ReadProcessMemory ou WriteProcessMemory foi concluída. (0x12B)
[0121/193217.851:ERROR:process_memory_win.cc(73)] ReadMemory at 0x226fbfc3cf0 of 132 bytes failed: Somente uma parte de um pedido ReadProcessMemory ou WriteProcessMemory foi concluída. (0x12B)
[0121/193217.851:ERROR:process_memory_win.cc(73)] ReadMemory at 0x226fbfc42e0 of 132 bytes failed: Somente uma parte de um pedido ReadProcessMemory ou WriteProcessMemory foi concluída. (0x12B)
[0121/193217.851:ERROR:process_memory_win.cc(73)] ReadMemory at 0x226fbfc4410 of 132 bytes failed: Somente uma parte de um pedido ReadProcessMemory ou WriteProcessMemory foi concluída. (0x12B)
[0121/193217.851:ERROR:process_memory_win.cc(73)] ReadMemory at 0x226fbfc4540 of 132 bytes failed: Somente uma parte de um pedido ReadProcessMemory ou WriteProcessMemory foi concluída. (0x12B)
[0121/193217.851:ERROR:process_memory_win.cc(73)] ReadMemory at 0x226fbfc4670 of 132 bytes failed: Somente uma parte de um pedido ReadProcessMemory ou WriteProcessMemory foi concluída. (0x12B)
[0121/193217.851:ERROR:process_memory_win.cc(73)] ReadMemory at 0x226fbfc4d90 of 132 bytes failed: Somente uma parte de um pedido ReadProcessMemory ou WriteProcessMemory foi concluída. (0x12B)
[0121/193217.852:ERROR:process_memory_win.cc(73)] ReadMemory at 0x226fbfc4ec0 of 132 bytes failed: Somente uma parte de um pedido ReadProcessMemory ou WriteProcessMemory foi concluída. (0x12B)
[0121/193217.852:ERROR:process_memory_win.cc(73)] ReadMemory at 0x226fbfc4ff0 of 132 bytes failed: Somente uma parte de um pedido ReadProcessMemory ou WriteProcessMemory foi concluída. (0x12B)
[0121/193217.852:ERROR:process_memory_win.cc(73)] ReadMemory at 0x226fbfc5250 of 132 bytes failed: Somente uma parte de um pedido ReadProcessMemory ou WriteProcessMemory foi concluída. (0x12B)
[0121/193217.852:ERROR:process_memory_win.cc(73)] ReadMemory at 0x226fbfc5380 of 132 bytes failed: Somente uma parte de um pedido ReadProcessMemory ou WriteProcessMemory foi concluída. (0x12B)
[0121/193217.852:ERROR:process_memory_win.cc(73)] ReadMemory at 0x226fbfc54b0 of 132 bytes failed: Somente uma parte de um pedido ReadProcessMemory ou WriteProcessMemory foi concluída. (0x12B)
[0121/193217.852:ERROR:process_memory_win.cc(73)] ReadMemory at 0x226fbfc55e0 of 132 bytes failed: Somente uma parte de um pedido ReadProcessMemory ou WriteProcessMemory foi concluída. (0x12B)
[0121/193217.853:ERROR:process_memory_win.cc(73)] ReadMemory at 0x226fbfd2eb0 of 60 bytes failed: Somente uma parte de um pedido ReadProcessMemory ou WriteProcessMemory foi concluída. (0x12B)
[0121/193217.853:ERROR:process_memory_win.cc(73)] ReadMemory at 0x226fbfe3c70 of 56 bytes failed: Somente uma parte de um pedido ReadProcessMemory ou WriteProcessMemory foi concluída. (0x12B)
[0121/193217.853:ERROR:process_memory_win.cc(73)] ReadMemory at 0x226fbfe3d60 of 62 bytes failed: Somente uma parte de um pedido ReadProcessMemory ou WriteProcessMemory foi concluída. (0x12B)
[0121/193217.853:ERROR:process_memory_win.cc(73)] ReadMemory at 0x226fbfe4030 of 60 bytes failed: Somente uma parte de um pedido ReadProcessMemory ou WriteProcessMemory foi concluída. (0x12B)
[0121/193217.853:ERROR:process_memory_win.cc(73)] ReadMemory at 0x226fbfe4080 of 58 bytes failed: Somente uma parte de um pedido ReadProcessMemory ou WriteProcessMemory foi concluída. (0x12B)
[0121/193217.854:ERROR:process_memory_win.cc(73)] ReadMemory at 0x226fbfe42b0 of 58 bytes failed: Somente uma parte de um pedido ReadProcessMemory ou WriteProcessMemory foi concluída. (0x12B)
[0121/193217.854:ERROR:process_memory_win.cc(73)] ReadMemory at 0x226fbfe44e0 of 66 bytes failed: Somente uma parte de um pedido ReadProcessMemory ou WriteProcessMemory foi concluída. (0x12B)
[0121/193217.854:ERROR:process_memory_win.cc(73)] ReadMemory at 0x226fbfe46c0 of 60 bytes failed: Somente uma parte de um pedido ReadProcessMemory ou WriteProcessMemory foi concluída. (0x12B)
[0121/193217.854:ERROR:process_memory_win.cc(73)] ReadMemory at 0x226fbfe4800 of 62 bytes failed: Somente uma parte de um pedido ReadProcessMemory ou WriteProcessMemory foi concluída. (0x12B)
[0121/193217.854:ERROR:process_memory_win.cc(73)] ReadMemory at 0x226fbfe48a0 of 60 bytes failed: Somente uma parte de um pedido ReadProcessMemory ou WriteProcessMemory foi concluída. (0x12B)
[0121/193217.854:ERROR:process_memory_win.cc(73)] ReadMemory at 0x226fbff56c0 of 512 bytes failed: Somente uma parte de um pedido ReadProcessMemory ou WriteProcessMemory foi concluída. (0x12B)
[0121/193217.855:ERROR:process_memory_win.cc(73)] ReadMemory at 0x226fbff7f90 of 62 bytes failed: Somente uma parte de um pedido ReadProcessMemory ou WriteProcessMemory foi concluída. (0x12B)
[0121/193217.855:ERROR:process_memory_win.cc(73)] ReadMemory at 0x226fc006419 of 512 bytes failed: Somente uma parte de um pedido ReadProcessMemory ou WriteProcessMemory foi concluída. (0x12B)
[0121/193217.855:ERROR:process_memory_win.cc(73)] ReadMemory at 0x226fc025cd0 of 512 bytes failed: Somente uma parte de um pedido ReadProcessMemory ou WriteProcessMemory foi concluída. (0x12B)
[0121/193217.855:ERROR:process_memory_win.cc(73)] ReadMemory at 0x226fc028380 of 512 bytes failed: Somente uma parte de um pedido ReadProcessMemory ou WriteProcessMemory foi concluída. (0x12B)
[0121/193217.856:ERROR:process_memory_win.cc(73)] ReadMemory at 0x226fc033a40 of 512 bytes failed: Somente uma parte de um pedido ReadProcessMemory ou WriteProcessMemory foi concluída. (0x12B)
[0121/193217.856:ERROR:process_memory_win.cc(73)] ReadMemory at 0x226fc049270 of 800 bytes failed: Somente uma parte de um pedido ReadProcessMemory ou WriteProcessMemory foi concluída. (0x12B)
[0121/193217.856:ERROR:process_memory_win.cc(73)] ReadMemory at 0x226fc04bc60 of 512 bytes failed: Somente uma parte de um pedido ReadProcessMemory ou WriteProcessMemory foi concluída. (0x12B)
[0121/193217.856:ERROR:process_memory_win.cc(73)] ReadMemory at 0x677200000000 of 384 bytes failed: Somente uma parte de um pedido ReadProcessMemory ou WriteProcessMemory foi concluída. (0x12B)
[0121/193217.856:ERROR:process_memory_win.cc(73)] ReadMemory at 0x677208042331 of 512 bytes failed: Somente uma parte de um pedido ReadProcessMemory ou WriteProcessMemory foi concluída. (0x12B)
[0121/193217.856:ERROR:process_memory_win.cc(73)] ReadMemory at 0x677208240000 of 384 bytes failed: Somente uma parte de um pedido ReadProcessMemory ou WriteProcessMemory foi concluída. (0x12B)
[0121/193217.856:ERROR:process_memory_win.cc(73)] ReadMemory at 0x677208243e91 of 512 bytes failed: Somente uma parte de um pedido ReadProcessMemory ou WriteProcessMemory foi concluída. (0x12B)
[0121/193217.857:ERROR:process_memory_win.cc(73)] ReadMemory at 0x6772082444cd of 514 bytes failed: Somente uma parte de um pedido ReadProcessMemory ou WriteProcessMemory foi concluída. (0x12B)
[0121/193217.861:ERROR:process_memory_win.cc(73)] ReadMemory at 0x677208282275 of 512 bytes failed: Somente uma parte de um pedido ReadProcessMemory ou WriteProcessMemory foi concluída. (0x12B)
[0121/193217.862:ERROR:process_memory_win.cc(73)] ReadMemory at 0x67720858869d of 512 bytes failed: Somente uma parte de um pedido ReadProcessMemory ou WriteProcessMemory foi concluída. (0x12B)
[0121/193217.862:ERROR:process_memory_win.cc(73)] ReadMemory at 0x677208696c65 of 512 bytes failed: Somente uma parte de um pedido ReadProcessMemory ou WriteProcessMemory foi concluída. (0x12B)
[0121/193217.862:ERROR:process_memory_win.cc(73)] ReadMemory at 0x7ffd4a402e8e of 512 bytes failed: Somente uma parte de um pedido ReadProcessMemory ou WriteProcessMemory foi concluída. (0x12B)
[0121/193217.862:ERROR:process_memory_win.cc(73)] ReadMemory at 0x7ffd4faf7c9b of 512 bytes failed: Somente uma parte de um pedido ReadProcessMemory ou WriteProcessMemory foi concluída. (0x12B)
[0121/193217.866:ERROR:scoped_process_suspend.cc(40)] NtResumeProcess: Tentou-se acessar um processo de saída. (0xc000010a)
[0121/193217.867:ERROR:filesystem_win.cc(129)] GetFileAttributes C:\Users\RAONIR~1\AppData\Local\Temp\scoped_dir10460_936199410\Crashpad\attachments\93d75be0-aefb-4f56-9f9e-4e14adb8aab3: O sistema não pode encontrar o caminho especificado. (0x3)
